2023-11-18 12:03:13,887 [Worker-3: Loading available Gradle versions] INFO  o.e.b.c.i.u.g.PublishedGradleVersions - Gradle version information cache is up-to-date. Trying to read.
2023-11-18 12:11:44,655 [Worker-8: Launching mavenrun-0df7c4c0-be6f-429e-b4c4-36d22a7b6643] INFO  o.eclipse.m2e.core.internal.Bundles - getClasspathEntries(Bundle=org.eclipse.m2e.maven.runtime_3.8.701.20230209-1606 [756])
2023-11-18 12:11:44,677 [Worker-8: Launching mavenrun-0df7c4c0-be6f-429e-b4c4-36d22a7b6643] INFO  o.eclipse.m2e.core.internal.Bundles - 	Entry: C:\Program Files\sts\plugins\org.eclipse.m2e.maven.runtime_3.8.701.20230209-1606
2023-11-18 12:11:44,678 [Worker-8: Launching mavenrun-0df7c4c0-be6f-429e-b4c4-36d22a7b6643] INFO  o.eclipse.m2e.core.internal.Bundles - 	Entry: C:\Program Files\sts\plugins\org.eclipse.m2e.maven.runtime_3.8.701.20230209-1606\jars\aether-connector-okhttp-0.17.8.jar
2023-11-18 12:11:44,679 [Worker-8: Launching mavenrun-0df7c4c0-be6f-429e-b4c4-36d22a7b6643] INFO  o.eclipse.m2e.core.internal.Bundles - 	Entry: C:\Program Files\sts\plugins\org.eclipse.m2e.maven.runtime_3.8.701.20230209-1606\jars\commons-lang3-3.8.1.jar
2023-11-18 12:11:44,679 [Worker-8: Launching mavenrun-0df7c4c0-be6f-429e-b4c4-36d22a7b6643] INFO  o.eclipse.m2e.core.internal.Bundles - 	Entry: C:\Program Files\sts\plugins\org.eclipse.m2e.maven.runtime_3.8.701.20230209-1606\jars\guice-4.2.2-no_aop.jar
2023-11-18 12:11:44,680 [Worker-8: Launching mavenrun-0df7c4c0-be6f-429e-b4c4-36d22a7b6643] INFO  o.eclipse.m2e.core.internal.Bundles - 	Entry: C:\Program Files\sts\plugins\org.eclipse.m2e.maven.runtime_3.8.701.20230209-1606\jars\jansi-2.4.0.jar
2023-11-18 12:11:44,680 [Worker-8: Launching mavenrun-0df7c4c0-be6f-429e-b4c4-36d22a7b6643] INFO  o.eclipse.m2e.core.internal.Bundles - 	Entry: C:\Program Files\sts\plugins\org.eclipse.m2e.maven.runtime_3.8.701.20230209-1606\jars\maven-artifact-3.8.7.jar
2023-11-18 12:11:44,680 [Worker-8: Launching mavenrun-0df7c4c0-be6f-429e-b4c4-36d22a7b6643] INFO  o.eclipse.m2e.core.internal.Bundles - 	Entry: C:\Program Files\sts\plugins\org.eclipse.m2e.maven.runtime_3.8.701.20230209-1606\jars\maven-builder-support-3.8.7.jar
2023-11-18 12:11:44,681 [Worker-8: Launching mavenrun-0df7c4c0-be6f-429e-b4c4-36d22a7b6643] INFO  o.eclipse.m2e.core.internal.Bundles - 	Entry: C:\Program Files\sts\plugins\org.eclipse.m2e.maven.runtime_3.8.701.20230209-1606\jars\maven-compat-3.8.7.jar
2023-11-18 12:11:44,681 [Worker-8: Launching mavenrun-0df7c4c0-be6f-429e-b4c4-36d22a7b6643] INFO  o.eclipse.m2e.core.internal.Bundles - 	Entry: C:\Program Files\sts\plugins\org.eclipse.m2e.maven.runtime_3.8.701.20230209-1606\jars\maven-core-3.8.7.jar
2023-11-18 12:11:44,681 [Worker-8: Launching mavenrun-0df7c4c0-be6f-429e-b4c4-36d22a7b6643] INFO  o.eclipse.m2e.core.internal.Bundles - 	Entry: C:\Program Files\sts\plugins\org.eclipse.m2e.maven.runtime_3.8.701.20230209-1606\jars\maven-embedder-3.8.7.jar
2023-11-18 12:11:44,681 [Worker-8: Launching mavenrun-0df7c4c0-be6f-429e-b4c4-36d22a7b6643] INFO  o.eclipse.m2e.core.internal.Bundles - 	Entry: C:\Program Files\sts\plugins\org.eclipse.m2e.maven.runtime_3.8.701.20230209-1606\jars\maven-model-3.8.7.jar
2023-11-18 12:11:44,681 [Worker-8: Launching mavenrun-0df7c4c0-be6f-429e-b4c4-36d22a7b6643] INFO  o.eclipse.m2e.core.internal.Bundles - 	Entry: C:\Program Files\sts\plugins\org.eclipse.m2e.maven.runtime_3.8.701.20230209-1606\jars\maven-model-builder-3.8.7.jar
2023-11-18 12:11:44,682 [Worker-8: Launching mavenrun-0df7c4c0-be6f-429e-b4c4-36d22a7b6643] INFO  o.eclipse.m2e.core.internal.Bundles - 	Entry: C:\Program Files\sts\plugins\org.eclipse.m2e.maven.runtime_3.8.701.20230209-1606\jars\maven-plugin-api-3.8.7.jar
2023-11-18 12:11:44,682 [Worker-8: Launching mavenrun-0df7c4c0-be6f-429e-b4c4-36d22a7b6643] INFO  o.eclipse.m2e.core.internal.Bundles - 	Entry: C:\Program Files\sts\plugins\org.eclipse.m2e.maven.runtime_3.8.701.20230209-1606\jars\maven-repository-metadata-3.8.7.jar
2023-11-18 12:11:44,682 [Worker-8: Launching mavenrun-0df7c4c0-be6f-429e-b4c4-36d22a7b6643] INFO  o.eclipse.m2e.core.internal.Bundles - 	Entry: C:\Program Files\sts\plugins\org.eclipse.m2e.maven.runtime_3.8.701.20230209-1606\jars\maven-resolver-api-1.6.3.jar
2023-11-18 12:11:44,683 [Worker-8: Launching mavenrun-0df7c4c0-be6f-429e-b4c4-36d22a7b6643] INFO  o.eclipse.m2e.core.internal.Bundles - 	Entry: C:\Program Files\sts\plugins\org.eclipse.m2e.maven.runtime_3.8.701.20230209-1606\jars\maven-resolver-connector-basic-1.6.3.jar
2023-11-18 12:11:44,683 [Worker-8: Launching mavenrun-0df7c4c0-be6f-429e-b4c4-36d22a7b6643] INFO  o.eclipse.m2e.core.internal.Bundles - 	Entry: C:\Program Files\sts\plugins\org.eclipse.m2e.maven.runtime_3.8.701.20230209-1606\jars\maven-resolver-impl-1.6.3.jar
2023-11-18 12:11:44,683 [Worker-8: Launching mavenrun-0df7c4c0-be6f-429e-b4c4-36d22a7b6643] INFO  o.eclipse.m2e.core.internal.Bundles - 	Entry: C:\Program Files\sts\plugins\org.eclipse.m2e.maven.runtime_3.8.701.20230209-1606\jars\maven-resolver-provider-3.8.7.jar
2023-11-18 12:11:44,683 [Worker-8: Launching mavenrun-0df7c4c0-be6f-429e-b4c4-36d22a7b6643] INFO  o.eclipse.m2e.core.internal.Bundles - 	Entry: C:\Program Files\sts\plugins\org.eclipse.m2e.maven.runtime_3.8.701.20230209-1606\jars\maven-resolver-spi-1.6.3.jar
2023-11-18 12:11:44,684 [Worker-8: Launching mavenrun-0df7c4c0-be6f-429e-b4c4-36d22a7b6643] INFO  o.eclipse.m2e.core.internal.Bundles - 	Entry: C:\Program Files\sts\plugins\org.eclipse.m2e.maven.runtime_3.8.701.20230209-1606\jars\maven-resolver-transport-wagon-1.6.3.jar
2023-11-18 12:11:44,684 [Worker-8: Launching mavenrun-0df7c4c0-be6f-429e-b4c4-36d22a7b6643] INFO  o.eclipse.m2e.core.internal.Bundles - 	Entry: C:\Program Files\sts\plugins\org.eclipse.m2e.maven.runtime_3.8.701.20230209-1606\jars\maven-resolver-util-1.6.3.jar
2023-11-18 12:11:44,684 [Worker-8: Launching mavenrun-0df7c4c0-be6f-429e-b4c4-36d22a7b6643] INFO  o.eclipse.m2e.core.internal.Bundles - 	Entry: C:\Program Files\sts\plugins\org.eclipse.m2e.maven.runtime_3.8.701.20230209-1606\jars\maven-settings-3.8.7.jar
2023-11-18 12:11:44,684 [Worker-8: Launching mavenrun-0df7c4c0-be6f-429e-b4c4-36d22a7b6643] INFO  o.eclipse.m2e.core.internal.Bundles - 	Entry: C:\Program Files\sts\plugins\org.eclipse.m2e.maven.runtime_3.8.701.20230209-1606\jars\maven-settings-builder-3.8.7.jar
2023-11-18 12:11:44,684 [Worker-8: Launching mavenrun-0df7c4c0-be6f-429e-b4c4-36d22a7b6643] INFO  o.eclipse.m2e.core.internal.Bundles - 	Entry: C:\Program Files\sts\plugins\org.eclipse.m2e.maven.runtime_3.8.701.20230209-1606\jars\maven-shared-utils-3.3.4.jar
2023-11-18 12:11:44,685 [Worker-8: Launching mavenrun-0df7c4c0-be6f-429e-b4c4-36d22a7b6643] INFO  o.eclipse.m2e.core.internal.Bundles - 	Entry: C:\Program Files\sts\plugins\org.eclipse.m2e.maven.runtime_3.8.701.20230209-1606\jars\okhttp-3.14.1.jar
2023-11-18 12:11:44,685 [Worker-8: Launching mavenrun-0df7c4c0-be6f-429e-b4c4-36d22a7b6643] INFO  o.eclipse.m2e.core.internal.Bundles - 	Entry: C:\Program Files\sts\plugins\org.eclipse.m2e.maven.runtime_3.8.701.20230209-1606\jars\okio-1.17.3.jar
2023-11-18 12:11:44,685 [Worker-8: Launching mavenrun-0df7c4c0-be6f-429e-b4c4-36d22a7b6643] INFO  o.eclipse.m2e.core.internal.Bundles - 	Entry: C:\Program Files\sts\plugins\org.eclipse.m2e.maven.runtime_3.8.701.20230209-1606\jars\org.eclipse.sisu.inject-0.3.5.jar
2023-11-18 12:11:44,686 [Worker-8: Launching mavenrun-0df7c4c0-be6f-429e-b4c4-36d22a7b6643] INFO  o.eclipse.m2e.core.internal.Bundles - 	Entry: C:\Program Files\sts\plugins\org.eclipse.m2e.maven.runtime_3.8.701.20230209-1606\jars\org.eclipse.sisu.plexus-0.3.5.jar
2023-11-18 12:11:44,686 [Worker-8: Launching mavenrun-0df7c4c0-be6f-429e-b4c4-36d22a7b6643] INFO  o.eclipse.m2e.core.internal.Bundles - 	Entry: C:\Program Files\sts\plugins\org.eclipse.m2e.maven.runtime_3.8.701.20230209-1606\jars\plexus-build-api-0.0.7.jar
2023-11-18 12:11:44,686 [Worker-8: Launching mavenrun-0df7c4c0-be6f-429e-b4c4-36d22a7b6643] INFO  o.eclipse.m2e.core.internal.Bundles - 	Entry: C:\Program Files\sts\plugins\org.eclipse.m2e.maven.runtime_3.8.701.20230209-1606\jars\plexus-cipher-2.0.jar
2023-11-18 12:11:44,687 [Worker-8: Launching mavenrun-0df7c4c0-be6f-429e-b4c4-36d22a7b6643] INFO  o.eclipse.m2e.core.internal.Bundles - 	Entry: C:\Program Files\sts\plugins\org.eclipse.m2e.maven.runtime_3.8.701.20230209-1606\jars\plexus-classworlds-2.6.0.jar
2023-11-18 12:11:44,687 [Worker-8: Launching mavenrun-0df7c4c0-be6f-429e-b4c4-36d22a7b6643] INFO  o.eclipse.m2e.core.internal.Bundles - 	Entry: C:\Program Files\sts\plugins\org.eclipse.m2e.maven.runtime_3.8.701.20230209-1606\jars\plexus-component-annotations-2.1.0.jar
2023-11-18 12:11:44,687 [Worker-8: Launching mavenrun-0df7c4c0-be6f-429e-b4c4-36d22a7b6643] INFO  o.eclipse.m2e.core.internal.Bundles - 	Entry: C:\Program Files\sts\plugins\org.eclipse.m2e.maven.runtime_3.8.701.20230209-1606\jars\plexus-interpolation-1.26.jar
2023-11-18 12:11:44,688 [Worker-8: Launching mavenrun-0df7c4c0-be6f-429e-b4c4-36d22a7b6643] INFO  o.eclipse.m2e.core.internal.Bundles - 	Entry: C:\Program Files\sts\plugins\org.eclipse.m2e.maven.runtime_3.8.701.20230209-1606\jars\plexus-sec-dispatcher-2.0.jar
2023-11-18 12:11:44,688 [Worker-8: Launching mavenrun-0df7c4c0-be6f-429e-b4c4-36d22a7b6643] INFO  o.eclipse.m2e.core.internal.Bundles - 	Entry: C:\Program Files\sts\plugins\org.eclipse.m2e.maven.runtime_3.8.701.20230209-1606\jars\plexus-utils-3.3.1.jar
2023-11-18 12:11:44,689 [Worker-8: Launching mavenrun-0df7c4c0-be6f-429e-b4c4-36d22a7b6643] INFO  o.eclipse.m2e.core.internal.Bundles - 	Entry: C:\Program Files\sts\plugins\org.eclipse.m2e.maven.runtime_3.8.701.20230209-1606\jars\wagon-file-3.5.3.jar
2023-11-18 12:11:44,689 [Worker-8: Launching mavenrun-0df7c4c0-be6f-429e-b4c4-36d22a7b6643] INFO  o.eclipse.m2e.core.internal.Bundles - 	Entry: C:\Program Files\sts\plugins\org.eclipse.m2e.maven.runtime_3.8.701.20230209-1606\jars\wagon-provider-api-3.5.3.jar
2023-11-18 12:11:44,693 [Worker-8: Launching mavenrun-0df7c4c0-be6f-429e-b4c4-36d22a7b6643] INFO  o.eclipse.m2e.core.internal.Bundles - getClasspathEntries(Bundle=com.google.guava_31.1.0.jre [596])
2023-11-18 12:11:44,694 [Worker-8: Launching mavenrun-0df7c4c0-be6f-429e-b4c4-36d22a7b6643] INFO  o.eclipse.m2e.core.internal.Bundles - 	Entry: C:\Program Files\sts\plugins\com.google.guava_31.1.0.jre.jar
2023-11-18 12:11:44,694 [Worker-8: Launching mavenrun-0df7c4c0-be6f-429e-b4c4-36d22a7b6643] INFO  o.eclipse.m2e.core.internal.Bundles - getClasspathEntries(Bundle=slf4j.api_1.7.36 [584])
2023-11-18 12:11:44,695 [Worker-8: Launching mavenrun-0df7c4c0-be6f-429e-b4c4-36d22a7b6643] INFO  o.eclipse.m2e.core.internal.Bundles - 	Entry: C:\Program Files\sts\plugins\slf4j.api_1.7.36.jar
2023-11-18 12:11:44,696 [Worker-8: Launching mavenrun-0df7c4c0-be6f-429e-b4c4-36d22a7b6643] INFO  o.eclipse.m2e.core.internal.Bundles - getClasspathEntries(Bundle=javax.inject_1.0.0.v20220405-0441 [49])
2023-11-18 12:11:44,697 [Worker-8: Launching mavenrun-0df7c4c0-be6f-429e-b4c4-36d22a7b6643] INFO  o.eclipse.m2e.core.internal.Bundles - 	Entry: C:\Program Files\sts\plugins\javax.inject_1.0.0.v20220405-0441.jar
2023-11-18 12:11:44,697 [Worker-8: Launching mavenrun-0df7c4c0-be6f-429e-b4c4-36d22a7b6643] INFO  o.eclipse.m2e.core.internal.Bundles - getClasspathEntries(Bundle=javax.annotation_1.3.5.v20221203-1659 [603])
2023-11-18 12:11:44,699 [Worker-8: Launching mavenrun-0df7c4c0-be6f-429e-b4c4-36d22a7b6643] INFO  o.eclipse.m2e.core.internal.Bundles - 	Entry: C:\Program Files\sts\plugins\javax.annotation_1.3.5.v20221203-1659.jar
2023-11-18 12:11:44,699 [Worker-8: Launching mavenrun-0df7c4c0-be6f-429e-b4c4-36d22a7b6643] INFO  o.eclipse.m2e.core.internal.Bundles - getClasspathEntries(Bundle=org.apache.commons.cli_1.4.0.v20221112-0806 [618])
2023-11-18 12:11:44,700 [Worker-8: Launching mavenrun-0df7c4c0-be6f-429e-b4c4-36d22a7b6643] INFO  o.eclipse.m2e.core.internal.Bundles - 	Entry: C:\Program Files\sts\plugins\org.apache.commons.cli_1.4.0.v20221112-0806.jar
2023-11-18 12:11:44,700 [Worker-8: Launching mavenrun-0df7c4c0-be6f-429e-b4c4-36d22a7b6643] INFO  o.eclipse.m2e.core.internal.Bundles - getClasspathEntries(Bundle=com.google.guava.failureaccess_1.0.1 [597])
2023-11-18 12:11:44,701 [Worker-8: Launching mavenrun-0df7c4c0-be6f-429e-b4c4-36d22a7b6643] INFO  o.eclipse.m2e.core.internal.Bundles - 	Entry: C:\Program Files\sts\plugins\com.google.guava.failureaccess_1.0.1.jar
2023-11-18 12:11:44,712 [Worker-8: Launching mavenrun-0df7c4c0-be6f-429e-b4c4-36d22a7b6643] INFO  o.e.m.i.launch.MavenLaunchDelegate - Run build in "C:\Users\HP\AppData\Local\Temp\m2e-archetypeGenerator3433773165991348018":
2023-11-18 12:11:44,718 [Worker-8: Launching mavenrun-0df7c4c0-be6f-429e-b4c4-36d22a7b6643] INFO  o.e.m.i.launch.MavenLaunchDelegate -  mvn  -DarchetypeGroupId=org.apache.maven.archetypes -DarchetypeArtifactId=maven-archetype-quickstart -DarchetypeVersion=1.4 -DgroupId=com.swiggy -DartifactId=Magical_Arena -Dversion=0.0.1-SNAPSHOT -Dpackage=com.swiggy -DoutputDirectory=C:\Users\HP\OneDrive\Desktop\Magical_Arena -Dstyle.color=always -U archetype:generate
2023-11-18 12:12:03,912 [Worker-1: Creating maven-archetype-quickstart] INFO  o.e.m.c.i.p.ProjectConfigurationManager - Collecting project info '/pom.xml' C:\Users\HP\OneDrive\Desktop\Magical_Arena\Magical_Arena\pom.xml
2023-11-18 12:12:08,987 [Worker-1: Creating maven-archetype-quickstart] INFO  o.e.m.c.i.l.LifecycleMappingFactory - Using org.eclipse.m2e.jdt.JarLifecycleMapping lifecycle mapping for MavenProject: com.swiggy:Magical_Arena:0.0.1-SNAPSHOT @ C:\Users\HP\OneDrive\Desktop\Magical_Arena\Magical_Arena\pom.xml.
2023-11-18 12:12:11,599 [Worker-1: Creating maven-archetype-quickstart] INFO  o.e.m.j.i.AbstractJavaProjectConfigurator - Adding source folder /Magical_Arena/src/main/java
2023-11-18 12:12:11,620 [Worker-1: Creating maven-archetype-quickstart] INFO  o.e.m.j.i.AbstractJavaProjectConfigurator - Adding source folder /Magical_Arena/src/test/java
2023-11-18 12:12:12,299 [Worker-1: Creating maven-archetype-quickstart] INFO  o.e.m.c.i.p.ProjectConfigurationManager - Imported and configured 1 project(s) in 8 sec
2023-11-18 12:12:13,915 [Worker-11: Building] INFO  o.e.m.c.i.embedder.EclipseLogger - Using 'UTF-8' encoding to copy filtered resources.
2023-11-18 12:12:13,915 [Worker-11: Building] INFO  o.e.m.c.i.embedder.EclipseLogger - skip non existing resourceDirectory C:\Users\HP\OneDrive\Desktop\Magical_Arena\Magical_Arena\src\main\resources
2023-11-18 12:12:13,923 [Worker-11: Building] INFO  o.e.m.c.i.embedder.EclipseLogger - Using 'UTF-8' encoding to copy filtered resources.
2023-11-18 12:12:13,925 [Worker-11: Building] INFO  o.e.m.c.i.embedder.EclipseLogger - skip non existing resourceDirectory C:\Users\HP\OneDrive\Desktop\Magical_Arena\Magical_Arena\src\test\resources
2023-11-18 12:18:20,865 [Worker-14: Building] INFO  o.e.m.c.i.embedder.EclipseLogger - Using 'UTF-8' encoding to copy filtered resources.
2023-11-18 12:18:20,865 [Worker-14: Building] INFO  o.e.m.c.i.embedder.EclipseLogger - skip non existing resourceDirectory C:\Users\HP\OneDrive\Desktop\Magical_Arena\Magical_Arena\src\main\resources
2023-11-18 12:18:20,874 [Worker-14: Building] INFO  o.e.m.c.i.embedder.EclipseLogger - Using 'UTF-8' encoding to copy filtered resources.
2023-11-18 12:18:20,874 [Worker-14: Building] INFO  o.e.m.c.i.embedder.EclipseLogger - skip non existing resourceDirectory C:\Users\HP\OneDrive\Desktop\Magical_Arena\Magical_Arena\src\test\resources
2023-11-18 12:19:25,132 [Worker-12: Building] INFO  o.e.m.c.i.embedder.EclipseLogger - Using 'UTF-8' encoding to copy filtered resources.
2023-11-18 12:19:25,132 [Worker-12: Building] INFO  o.e.m.c.i.embedder.EclipseLogger - skip non existing resourceDirectory C:\Users\HP\OneDrive\Desktop\Magical_Arena\Magical_Arena\src\main\resources
2023-11-18 12:19:25,137 [Worker-12: Building] INFO  o.e.m.c.i.embedder.EclipseLogger - Using 'UTF-8' encoding to copy filtered resources.
2023-11-18 12:19:25,137 [Worker-12: Building] INFO  o.e.m.c.i.embedder.EclipseLogger - skip non existing resourceDirectory C:\Users\HP\OneDrive\Desktop\Magical_Arena\Magical_Arena\src\test\resources
2023-11-18 12:20:15,517 [Worker-15: Building] INFO  o.e.m.c.i.embedder.EclipseLogger - Using 'UTF-8' encoding to copy filtered resources.
2023-11-18 12:20:15,518 [Worker-15: Building] INFO  o.e.m.c.i.embedder.EclipseLogger - skip non existing resourceDirectory C:\Users\HP\OneDrive\Desktop\Magical_Arena\Magical_Arena\src\main\resources
2023-11-18 12:20:15,521 [Worker-15: Building] INFO  o.e.m.c.i.embedder.EclipseLogger - Using 'UTF-8' encoding to copy filtered resources.
2023-11-18 12:20:15,524 [Worker-15: Building] INFO  o.e.m.c.i.embedder.EclipseLogger - skip non existing resourceDirectory C:\Users\HP\OneDrive\Desktop\Magical_Arena\Magical_Arena\src\test\resources
2023-11-18 12:21:04,442 [Worker-12: Building] INFO  o.e.m.c.i.embedder.EclipseLogger - Using 'UTF-8' encoding to copy filtered resources.
2023-11-18 12:21:04,442 [Worker-12: Building] INFO  o.e.m.c.i.embedder.EclipseLogger - skip non existing resourceDirectory C:\Users\HP\OneDrive\Desktop\Magical_Arena\Magical_Arena\src\main\resources
2023-11-18 12:21:04,447 [Worker-12: Building] INFO  o.e.m.c.i.embedder.EclipseLogger - Using 'UTF-8' encoding to copy filtered resources.
2023-11-18 12:21:04,448 [Worker-12: Building] INFO  o.e.m.c.i.embedder.EclipseLogger - skip non existing resourceDirectory C:\Users\HP\OneDrive\Desktop\Magical_Arena\Magical_Arena\src\test\resources
2023-11-18 12:21:12,950 [Worker-13: Building] INFO  o.e.m.c.i.embedder.EclipseLogger - Using 'UTF-8' encoding to copy filtered resources.
2023-11-18 12:21:12,950 [Worker-13: Building] INFO  o.e.m.c.i.embedder.EclipseLogger - skip non existing resourceDirectory C:\Users\HP\OneDrive\Desktop\Magical_Arena\Magical_Arena\src\main\resources
2023-11-18 12:21:12,955 [Worker-13: Building] INFO  o.e.m.c.i.embedder.EclipseLogger - Using 'UTF-8' encoding to copy filtered resources.
2023-11-18 12:21:12,955 [Worker-13: Building] INFO  o.e.m.c.i.embedder.EclipseLogger - skip non existing resourceDirectory C:\Users\HP\OneDrive\Desktop\Magical_Arena\Magical_Arena\src\test\resources
2023-11-18 12:29:21,377 [Worker-19: Building] INFO  o.e.m.c.i.embedder.EclipseLogger - Using 'UTF-8' encoding to copy filtered resources.
2023-11-18 12:29:21,377 [Worker-19: Building] INFO  o.e.m.c.i.embedder.EclipseLogger - skip non existing resourceDirectory C:\Users\HP\OneDrive\Desktop\Magical_Arena\Magical_Arena\src\main\resources
2023-11-18 12:29:21,381 [Worker-19: Building] INFO  o.e.m.c.i.embedder.EclipseLogger - Using 'UTF-8' encoding to copy filtered resources.
2023-11-18 12:29:21,382 [Worker-19: Building] INFO  o.e.m.c.i.embedder.EclipseLogger - skip non existing resourceDirectory C:\Users\HP\OneDrive\Desktop\Magical_Arena\Magical_Arena\src\test\resources
2023-11-18 12:30:14,777 [Worker-13: Building] INFO  o.e.m.c.i.embedder.EclipseLogger - Using 'UTF-8' encoding to copy filtered resources.
2023-11-18 12:30:14,778 [Worker-13: Building] INFO  o.e.m.c.i.embedder.EclipseLogger - skip non existing resourceDirectory C:\Users\HP\OneDrive\Desktop\Magical_Arena\Magical_Arena\src\main\resources
2023-11-18 12:30:14,784 [Worker-13: Building] INFO  o.e.m.c.i.embedder.EclipseLogger - Using 'UTF-8' encoding to copy filtered resources.
2023-11-18 12:30:14,785 [Worker-13: Building] INFO  o.e.m.c.i.embedder.EclipseLogger - skip non existing resourceDirectory C:\Users\HP\OneDrive\Desktop\Magical_Arena\Magical_Arena\src\test\resources
2023-11-18 12:33:36,773 [Worker-18: Building] INFO  o.e.m.c.i.embedder.EclipseLogger - Using 'UTF-8' encoding to copy filtered resources.
2023-11-18 12:33:36,773 [Worker-18: Building] INFO  o.e.m.c.i.embedder.EclipseLogger - skip non existing resourceDirectory C:\Users\HP\OneDrive\Desktop\Magical_Arena\Magical_Arena\src\main\resources
2023-11-18 12:33:36,778 [Worker-18: Building] INFO  o.e.m.c.i.embedder.EclipseLogger - Using 'UTF-8' encoding to copy filtered resources.
2023-11-18 12:33:36,778 [Worker-18: Building] INFO  o.e.m.c.i.embedder.EclipseLogger - skip non existing resourceDirectory C:\Users\HP\OneDrive\Desktop\Magical_Arena\Magical_Arena\src\test\resources
2023-11-18 12:35:45,796 [Worker-20: Building] INFO  o.e.m.c.i.embedder.EclipseLogger - Using 'UTF-8' encoding to copy filtered resources.
2023-11-18 12:35:45,797 [Worker-20: Building] INFO  o.e.m.c.i.embedder.EclipseLogger - skip non existing resourceDirectory C:\Users\HP\OneDrive\Desktop\Magical_Arena\Magical_Arena\src\main\resources
2023-11-18 12:35:45,801 [Worker-20: Building] INFO  o.e.m.c.i.embedder.EclipseLogger - Using 'UTF-8' encoding to copy filtered resources.
2023-11-18 12:35:45,802 [Worker-20: Building] INFO  o.e.m.c.i.embedder.EclipseLogger - skip non existing resourceDirectory C:\Users\HP\OneDrive\Desktop\Magical_Arena\Magical_Arena\src\test\resources
2023-11-18 12:36:18,532 [Worker-20: Building] INFO  o.e.m.c.i.embedder.EclipseLogger - Using 'UTF-8' encoding to copy filtered resources.
2023-11-18 12:36:18,533 [Worker-20: Building] INFO  o.e.m.c.i.embedder.EclipseLogger - skip non existing resourceDirectory C:\Users\HP\OneDrive\Desktop\Magical_Arena\Magical_Arena\src\main\resources
2023-11-18 12:36:18,537 [Worker-20: Building] INFO  o.e.m.c.i.embedder.EclipseLogger - Using 'UTF-8' encoding to copy filtered resources.
2023-11-18 12:36:18,537 [Worker-20: Building] INFO  o.e.m.c.i.embedder.EclipseLogger - skip non existing resourceDirectory C:\Users\HP\OneDrive\Desktop\Magical_Arena\Magical_Arena\src\test\resources
2023-11-18 12:38:18,844 [Worker-21: Building] INFO  o.e.m.c.i.embedder.EclipseLogger - Using 'UTF-8' encoding to copy filtered resources.
2023-11-18 12:38:18,845 [Worker-21: Building] INFO  o.e.m.c.i.embedder.EclipseLogger - skip non existing resourceDirectory C:\Users\HP\OneDrive\Desktop\Magical_Arena\Magical_Arena\src\main\resources
2023-11-18 12:38:18,849 [Worker-21: Building] INFO  o.e.m.c.i.embedder.EclipseLogger - Using 'UTF-8' encoding to copy filtered resources.
2023-11-18 12:38:18,849 [Worker-21: Building] INFO  o.e.m.c.i.embedder.EclipseLogger - skip non existing resourceDirectory C:\Users\HP\OneDrive\Desktop\Magical_Arena\Magical_Arena\src\test\resources
2023-11-18 13:23:36,433 [Worker-30: Building] INFO  o.e.m.c.i.embedder.EclipseLogger - Using 'UTF-8' encoding to copy filtered resources.
2023-11-18 13:23:36,434 [Worker-30: Building] INFO  o.e.m.c.i.embedder.EclipseLogger - skip non existing resourceDirectory C:\Users\HP\OneDrive\Desktop\Magical_Arena\Magical_Arena\src\main\resources
2023-11-18 13:23:36,438 [Worker-30: Building] INFO  o.e.m.c.i.embedder.EclipseLogger - Using 'UTF-8' encoding to copy filtered resources.
2023-11-18 13:23:36,438 [Worker-30: Building] INFO  o.e.m.c.i.embedder.EclipseLogger - skip non existing resourceDirectory C:\Users\HP\OneDrive\Desktop\Magical_Arena\Magical_Arena\src\test\resources
2023-11-18 13:31:51,711 [Worker-33: Building] INFO  o.e.m.c.i.embedder.EclipseLogger - Using 'UTF-8' encoding to copy filtered resources.
2023-11-18 13:31:51,712 [Worker-33: Building] INFO  o.e.m.c.i.embedder.EclipseLogger - skip non existing resourceDirectory C:\Users\HP\OneDrive\Desktop\Magical_Arena\Magical_Arena\src\main\resources
2023-11-18 13:31:51,716 [Worker-33: Building] INFO  o.e.m.c.i.embedder.EclipseLogger - Using 'UTF-8' encoding to copy filtered resources.
2023-11-18 13:31:51,717 [Worker-33: Building] INFO  o.e.m.c.i.embedder.EclipseLogger - skip non existing resourceDirectory C:\Users\HP\OneDrive\Desktop\Magical_Arena\Magical_Arena\src\test\resources
2023-11-18 13:52:21,927 [Worker-30: Building] INFO  o.e.m.c.i.embedder.EclipseLogger - Using 'UTF-8' encoding to copy filtered resources.
2023-11-18 13:52:21,927 [Worker-30: Building] INFO  o.e.m.c.i.embedder.EclipseLogger - skip non existing resourceDirectory C:\Users\HP\OneDrive\Desktop\Magical_Arena\Magical_Arena\src\main\resources
2023-11-18 13:52:21,931 [Worker-30: Building] INFO  o.e.m.c.i.embedder.EclipseLogger - Using 'UTF-8' encoding to copy filtered resources.
2023-11-18 13:52:21,932 [Worker-30: Building] INFO  o.e.m.c.i.embedder.EclipseLogger - skip non existing resourceDirectory C:\Users\HP\OneDrive\Desktop\Magical_Arena\Magical_Arena\src\test\resources
2023-11-18 13:54:15,664 [Worker-36: Building] INFO  o.e.m.c.i.embedder.EclipseLogger - Using 'UTF-8' encoding to copy filtered resources.
2023-11-18 13:54:15,665 [Worker-36: Building] INFO  o.e.m.c.i.embedder.EclipseLogger - skip non existing resourceDirectory C:\Users\HP\OneDrive\Desktop\Magical_Arena\Magical_Arena\src\main\resources
2023-11-18 13:54:15,671 [Worker-36: Building] INFO  o.e.m.c.i.embedder.EclipseLogger - Using 'UTF-8' encoding to copy filtered resources.
2023-11-18 13:54:15,671 [Worker-36: Building] INFO  o.e.m.c.i.embedder.EclipseLogger - skip non existing resourceDirectory C:\Users\HP\OneDrive\Desktop\Magical_Arena\Magical_Arena\src\test\resources
2023-11-18 13:54:59,251 [Worker-35: Building] INFO  o.e.m.c.i.embedder.EclipseLogger - Using 'UTF-8' encoding to copy filtered resources.
2023-11-18 13:54:59,252 [Worker-35: Building] INFO  o.e.m.c.i.embedder.EclipseLogger - skip non existing resourceDirectory C:\Users\HP\OneDrive\Desktop\Magical_Arena\Magical_Arena\src\main\resources
2023-11-18 13:54:59,255 [Worker-35: Building] INFO  o.e.m.c.i.embedder.EclipseLogger - Using 'UTF-8' encoding to copy filtered resources.
2023-11-18 13:54:59,256 [Worker-35: Building] INFO  o.e.m.c.i.embedder.EclipseLogger - skip non existing resourceDirectory C:\Users\HP\OneDrive\Desktop\Magical_Arena\Magical_Arena\src\test\resources
2023-11-18 14:00:30,795 [Worker-40: Building] INFO  o.e.m.c.i.embedder.EclipseLogger - Using 'UTF-8' encoding to copy filtered resources.
2023-11-18 14:00:30,796 [Worker-40: Building] INFO  o.e.m.c.i.embedder.EclipseLogger - skip non existing resourceDirectory C:\Users\HP\OneDrive\Desktop\Magical_Arena\Magical_Arena\src\main\resources
2023-11-18 14:00:30,801 [Worker-40: Building] INFO  o.e.m.c.i.embedder.EclipseLogger - Using 'UTF-8' encoding to copy filtered resources.
2023-11-18 14:00:30,802 [Worker-40: Building] INFO  o.e.m.c.i.embedder.EclipseLogger - skip non existing resourceDirectory C:\Users\HP\OneDrive\Desktop\Magical_Arena\Magical_Arena\src\test\resources
2023-11-18 14:02:51,158 [Worker-42: Building] INFO  o.e.m.c.i.embedder.EclipseLogger - Using 'UTF-8' encoding to copy filtered resources.
2023-11-18 14:02:51,159 [Worker-42: Building] INFO  o.e.m.c.i.embedder.EclipseLogger - skip non existing resourceDirectory C:\Users\HP\OneDrive\Desktop\Magical_Arena\Magical_Arena\src\main\resources
2023-11-18 14:02:51,163 [Worker-42: Building] INFO  o.e.m.c.i.embedder.EclipseLogger - Using 'UTF-8' encoding to copy filtered resources.
2023-11-18 14:02:51,163 [Worker-42: Building] INFO  o.e.m.c.i.embedder.EclipseLogger - skip non existing resourceDirectory C:\Users\HP\OneDrive\Desktop\Magical_Arena\Magical_Arena\src\test\resources
2023-11-18 14:04:45,934 [Worker-39: Building] INFO  o.e.m.c.i.embedder.EclipseLogger - Using 'UTF-8' encoding to copy filtered resources.
2023-11-18 14:04:45,934 [Worker-39: Building] INFO  o.e.m.c.i.embedder.EclipseLogger - skip non existing resourceDirectory C:\Users\HP\OneDrive\Desktop\Magical_Arena\Magical_Arena\src\main\resources
2023-11-18 14:04:45,937 [Worker-39: Building] INFO  o.e.m.c.i.embedder.EclipseLogger - Using 'UTF-8' encoding to copy filtered resources.
2023-11-18 14:04:45,938 [Worker-39: Building] INFO  o.e.m.c.i.embedder.EclipseLogger - skip non existing resourceDirectory C:\Users\HP\OneDrive\Desktop\Magical_Arena\Magical_Arena\src\test\resources
2023-11-18 14:05:57,958 [Worker-42: Building] INFO  o.e.m.c.i.embedder.EclipseLogger - Using 'UTF-8' encoding to copy filtered resources.
2023-11-18 14:05:57,959 [Worker-42: Building] INFO  o.e.m.c.i.embedder.EclipseLogger - skip non existing resourceDirectory C:\Users\HP\OneDrive\Desktop\Magical_Arena\Magical_Arena\src\main\resources
2023-11-18 14:05:57,962 [Worker-42: Building] INFO  o.e.m.c.i.embedder.EclipseLogger - Using 'UTF-8' encoding to copy filtered resources.
2023-11-18 14:05:57,963 [Worker-42: Building] INFO  o.e.m.c.i.embedder.EclipseLogger - skip non existing resourceDirectory C:\Users\HP\OneDrive\Desktop\Magical_Arena\Magical_Arena\src\test\resources
2023-11-18 14:09:00,066 [Worker-45: Building] INFO  o.e.m.c.i.embedder.EclipseLogger - Using 'UTF-8' encoding to copy filtered resources.
2023-11-18 14:09:00,066 [Worker-45: Building] INFO  o.e.m.c.i.embedder.EclipseLogger - skip non existing resourceDirectory C:\Users\HP\OneDrive\Desktop\Magical_Arena\Magical_Arena\src\main\resources
2023-11-18 14:09:00,070 [Worker-45: Building] INFO  o.e.m.c.i.embedder.EclipseLogger - Using 'UTF-8' encoding to copy filtered resources.
2023-11-18 14:09:00,070 [Worker-45: Building] INFO  o.e.m.c.i.embedder.EclipseLogger - skip non existing resourceDirectory C:\Users\HP\OneDrive\Desktop\Magical_Arena\Magical_Arena\src\test\resources
2023-11-18 14:11:31,495 [Worker-46: Building] INFO  o.e.m.c.i.embedder.EclipseLogger - Using 'UTF-8' encoding to copy filtered resources.
2023-11-18 14:11:31,495 [Worker-46: Building] INFO  o.e.m.c.i.embedder.EclipseLogger - skip non existing resourceDirectory C:\Users\HP\OneDrive\Desktop\Magical_Arena\Magical_Arena\src\main\resources
2023-11-18 14:11:31,499 [Worker-46: Building] INFO  o.e.m.c.i.embedder.EclipseLogger - Using 'UTF-8' encoding to copy filtered resources.
2023-11-18 14:11:31,499 [Worker-46: Building] INFO  o.e.m.c.i.embedder.EclipseLogger - skip non existing resourceDirectory C:\Users\HP\OneDrive\Desktop\Magical_Arena\Magical_Arena\src\test\resources
2023-11-18 14:22:51,081 [Worker-47: Building] INFO  o.e.m.c.i.embedder.EclipseLogger - Using 'UTF-8' encoding to copy filtered resources.
2023-11-18 14:22:51,081 [Worker-47: Building] INFO  o.e.m.c.i.embedder.EclipseLogger - skip non existing resourceDirectory C:\Users\HP\OneDrive\Desktop\Magical_Arena\Magical_Arena\src\main\resources
2023-11-18 14:22:51,085 [Worker-47: Building] INFO  o.e.m.c.i.embedder.EclipseLogger - Using 'UTF-8' encoding to copy filtered resources.
2023-11-18 14:22:51,085 [Worker-47: Building] INFO  o.e.m.c.i.embedder.EclipseLogger - skip non existing resourceDirectory C:\Users\HP\OneDrive\Desktop\Magical_Arena\Magical_Arena\src\test\resources
2023-11-18 14:32:17,346 [Worker-52: Building] INFO  o.e.m.c.i.embedder.EclipseLogger - Using 'UTF-8' encoding to copy filtered resources.
2023-11-18 14:32:17,347 [Worker-52: Building] INFO  o.e.m.c.i.embedder.EclipseLogger - skip non existing resourceDirectory C:\Users\HP\OneDrive\Desktop\Magical_Arena\Magical_Arena\src\main\resources
2023-11-18 14:32:17,350 [Worker-52: Building] INFO  o.e.m.c.i.embedder.EclipseLogger - Using 'UTF-8' encoding to copy filtered resources.
2023-11-18 14:32:17,350 [Worker-52: Building] INFO  o.e.m.c.i.embedder.EclipseLogger - skip non existing resourceDirectory C:\Users\HP\OneDrive\Desktop\Magical_Arena\Magical_Arena\src\test\resources
2023-11-18 14:32:26,761 [Worker-49: Building] INFO  o.e.m.c.i.embedder.EclipseLogger - Using 'UTF-8' encoding to copy filtered resources.
2023-11-18 14:32:26,762 [Worker-49: Building] INFO  o.e.m.c.i.embedder.EclipseLogger - skip non existing resourceDirectory C:\Users\HP\OneDrive\Desktop\Magical_Arena\Magical_Arena\src\main\resources
2023-11-18 14:32:26,765 [Worker-49: Building] INFO  o.e.m.c.i.embedder.EclipseLogger - Using 'UTF-8' encoding to copy filtered resources.
2023-11-18 14:32:26,765 [Worker-49: Building] INFO  o.e.m.c.i.embedder.EclipseLogger - skip non existing resourceDirectory C:\Users\HP\OneDrive\Desktop\Magical_Arena\Magical_Arena\src\test\resources
2023-11-18 14:34:18,423 [Worker-53: Building] INFO  o.e.m.c.i.embedder.EclipseLogger - Using 'UTF-8' encoding to copy filtered resources.
2023-11-18 14:34:18,423 [Worker-53: Building] INFO  o.e.m.c.i.embedder.EclipseLogger - skip non existing resourceDirectory C:\Users\HP\OneDrive\Desktop\Magical_Arena\Magical_Arena\src\main\resources
2023-11-18 14:34:18,427 [Worker-53: Building] INFO  o.e.m.c.i.embedder.EclipseLogger - Using 'UTF-8' encoding to copy filtered resources.
2023-11-18 14:34:18,427 [Worker-53: Building] INFO  o.e.m.c.i.embedder.EclipseLogger - skip non existing resourceDirectory C:\Users\HP\OneDrive\Desktop\Magical_Arena\Magical_Arena\src\test\resources
2023-11-18 14:35:26,075 [Worker-53: Building] INFO  o.e.m.c.i.embedder.EclipseLogger - Using 'UTF-8' encoding to copy filtered resources.
2023-11-18 14:35:26,075 [Worker-53: Building] INFO  o.e.m.c.i.embedder.EclipseLogger - skip non existing resourceDirectory C:\Users\HP\OneDrive\Desktop\Magical_Arena\Magical_Arena\src\main\resources
2023-11-18 14:35:26,078 [Worker-53: Building] INFO  o.e.m.c.i.embedder.EclipseLogger - Using 'UTF-8' encoding to copy filtered resources.
2023-11-18 14:35:26,079 [Worker-53: Building] INFO  o.e.m.c.i.embedder.EclipseLogger - skip non existing resourceDirectory C:\Users\HP\OneDrive\Desktop\Magical_Arena\Magical_Arena\src\test\resources
2023-11-18 14:35:56,130 [Worker-49: Building] INFO  o.e.m.c.i.embedder.EclipseLogger - Using 'UTF-8' encoding to copy filtered resources.
2023-11-18 14:35:56,130 [Worker-49: Building] INFO  o.e.m.c.i.embedder.EclipseLogger - skip non existing resourceDirectory C:\Users\HP\OneDrive\Desktop\Magical_Arena\Magical_Arena\src\main\resources
2023-11-18 14:35:56,134 [Worker-49: Building] INFO  o.e.m.c.i.embedder.EclipseLogger - Using 'UTF-8' encoding to copy filtered resources.
2023-11-18 14:35:56,134 [Worker-49: Building] INFO  o.e.m.c.i.embedder.EclipseLogger - skip non existing resourceDirectory C:\Users\HP\OneDrive\Desktop\Magical_Arena\Magical_Arena\src\test\resources
2023-11-18 14:39:14,727 [Worker-56: Building] INFO  o.e.m.c.i.embedder.EclipseLogger - Using 'UTF-8' encoding to copy filtered resources.
2023-11-18 14:39:14,728 [Worker-56: Building] INFO  o.e.m.c.i.embedder.EclipseLogger - skip non existing resourceDirectory C:\Users\HP\OneDrive\Desktop\Magical_Arena\Magical_Arena\src\main\resources
2023-11-18 14:39:14,732 [Worker-56: Building] INFO  o.e.m.c.i.embedder.EclipseLogger - Using 'UTF-8' encoding to copy filtered resources.
2023-11-18 14:39:14,732 [Worker-56: Building] INFO  o.e.m.c.i.embedder.EclipseLogger - skip non existing resourceDirectory C:\Users\HP\OneDrive\Desktop\Magical_Arena\Magical_Arena\src\test\resources
2023-11-18 14:39:48,370 [Worker-52: Building] INFO  o.e.m.c.i.embedder.EclipseLogger - Using 'UTF-8' encoding to copy filtered resources.
2023-11-18 14:39:48,371 [Worker-52: Building] INFO  o.e.m.c.i.embedder.EclipseLogger - skip non existing resourceDirectory C:\Users\HP\OneDrive\Desktop\Magical_Arena\Magical_Arena\src\main\resources
2023-11-18 14:39:48,374 [Worker-52: Building] INFO  o.e.m.c.i.embedder.EclipseLogger - Using 'UTF-8' encoding to copy filtered resources.
2023-11-18 14:39:48,374 [Worker-52: Building] INFO  o.e.m.c.i.embedder.EclipseLogger - skip non existing resourceDirectory C:\Users\HP\OneDrive\Desktop\Magical_Arena\Magical_Arena\src\test\resources
2023-11-18 14:40:04,277 [Worker-56: Building] INFO  o.e.m.c.i.embedder.EclipseLogger - Using 'UTF-8' encoding to copy filtered resources.
2023-11-18 14:40:04,278 [Worker-56: Building] INFO  o.e.m.c.i.embedder.EclipseLogger - skip non existing resourceDirectory C:\Users\HP\OneDrive\Desktop\Magical_Arena\Magical_Arena\src\main\resources
2023-11-18 14:40:04,282 [Worker-56: Building] INFO  o.e.m.c.i.embedder.EclipseLogger - Using 'UTF-8' encoding to copy filtered resources.
2023-11-18 14:40:04,282 [Worker-56: Building] INFO  o.e.m.c.i.embedder.EclipseLogger - skip non existing resourceDirectory C:\Users\HP\OneDrive\Desktop\Magical_Arena\Magical_Arena\src\test\resources
2023-11-18 14:40:18,949 [Worker-57: Building] INFO  o.e.m.c.i.embedder.EclipseLogger - Using 'UTF-8' encoding to copy filtered resources.
2023-11-18 14:40:18,950 [Worker-57: Building] INFO  o.e.m.c.i.embedder.EclipseLogger - skip non existing resourceDirectory C:\Users\HP\OneDrive\Desktop\Magical_Arena\Magical_Arena\src\main\resources
2023-11-18 14:40:18,953 [Worker-57: Building] INFO  o.e.m.c.i.embedder.EclipseLogger - Using 'UTF-8' encoding to copy filtered resources.
2023-11-18 14:40:18,954 [Worker-57: Building] INFO  o.e.m.c.i.embedder.EclipseLogger - skip non existing resourceDirectory C:\Users\HP\OneDrive\Desktop\Magical_Arena\Magical_Arena\src\test\resources
2023-11-18 14:40:42,075 [Worker-58: Building] INFO  o.e.m.c.i.embedder.EclipseLogger - Using 'UTF-8' encoding to copy filtered resources.
2023-11-18 14:40:42,076 [Worker-58: Building] INFO  o.e.m.c.i.embedder.EclipseLogger - skip non existing resourceDirectory C:\Users\HP\OneDrive\Desktop\Magical_Arena\Magical_Arena\src\main\resources
2023-11-18 14:40:42,079 [Worker-58: Building] INFO  o.e.m.c.i.embedder.EclipseLogger - Using 'UTF-8' encoding to copy filtered resources.
2023-11-18 14:40:42,079 [Worker-58: Building] INFO  o.e.m.c.i.embedder.EclipseLogger - skip non existing resourceDirectory C:\Users\HP\OneDrive\Desktop\Magical_Arena\Magical_Arena\src\test\resources
2023-11-18 15:07:33,182 [Worker-61: Building] INFO  o.e.m.c.i.embedder.EclipseLogger - Using 'UTF-8' encoding to copy filtered resources.
2023-11-18 15:07:33,183 [Worker-61: Building] INFO  o.e.m.c.i.embedder.EclipseLogger - skip non existing resourceDirectory C:\Users\HP\OneDrive\Desktop\Magical_Arena\Magical_Arena\src\main\resources
2023-11-18 15:07:33,186 [Worker-61: Building] INFO  o.e.m.c.i.embedder.EclipseLogger - Using 'UTF-8' encoding to copy filtered resources.
2023-11-18 15:07:33,186 [Worker-61: Building] INFO  o.e.m.c.i.embedder.EclipseLogger - skip non existing resourceDirectory C:\Users\HP\OneDrive\Desktop\Magical_Arena\Magical_Arena\src\test\resources
2023-11-18 15:08:24,950 [Worker-61: Building] INFO  o.e.m.c.i.embedder.EclipseLogger - Using 'UTF-8' encoding to copy filtered resources.
2023-11-18 15:08:24,950 [Worker-61: Building] INFO  o.e.m.c.i.embedder.EclipseLogger - skip non existing resourceDirectory C:\Users\HP\OneDrive\Desktop\Magical_Arena\Magical_Arena\src\main\resources
2023-11-18 15:08:24,953 [Worker-61: Building] INFO  o.e.m.c.i.embedder.EclipseLogger - Using 'UTF-8' encoding to copy filtered resources.
2023-11-18 15:08:24,953 [Worker-61: Building] INFO  o.e.m.c.i.embedder.EclipseLogger - skip non existing resourceDirectory C:\Users\HP\OneDrive\Desktop\Magical_Arena\Magical_Arena\src\test\resources
2023-11-18 15:44:03,807 [Worker-66: Building] INFO  o.e.m.c.i.embedder.EclipseLogger - Using 'UTF-8' encoding to copy filtered resources.
2023-11-18 15:44:03,807 [Worker-66: Building] INFO  o.e.m.c.i.embedder.EclipseLogger - skip non existing resourceDirectory C:\Users\HP\OneDrive\Desktop\Magical_Arena\Magical_Arena\src\main\resources
2023-11-18 15:44:03,811 [Worker-66: Building] INFO  o.e.m.c.i.embedder.EclipseLogger - Using 'UTF-8' encoding to copy filtered resources.
2023-11-18 15:44:03,811 [Worker-66: Building] INFO  o.e.m.c.i.embedder.EclipseLogger - skip non existing resourceDirectory C:\Users\HP\OneDrive\Desktop\Magical_Arena\Magical_Arena\src\test\resources
2023-11-18 15:44:50,441 [Worker-66: Building] INFO  o.e.m.c.i.embedder.EclipseLogger - Using 'UTF-8' encoding to copy filtered resources.
2023-11-18 15:44:50,442 [Worker-66: Building] INFO  o.e.m.c.i.embedder.EclipseLogger - skip non existing resourceDirectory C:\Users\HP\OneDrive\Desktop\Magical_Arena\Magical_Arena\src\main\resources
2023-11-18 15:44:50,447 [Worker-66: Building] INFO  o.e.m.c.i.embedder.EclipseLogger - Using 'UTF-8' encoding to copy filtered resources.
2023-11-18 15:44:50,447 [Worker-66: Building] INFO  o.e.m.c.i.embedder.EclipseLogger - skip non existing resourceDirectory C:\Users\HP\OneDrive\Desktop\Magical_Arena\Magical_Arena\src\test\resources
2023-11-18 15:45:36,692 [Worker-53: Building] INFO  o.e.m.c.i.embedder.EclipseLogger - Using 'UTF-8' encoding to copy filtered resources.
2023-11-18 15:45:36,692 [Worker-53: Building] INFO  o.e.m.c.i.embedder.EclipseLogger - skip non existing resourceDirectory C:\Users\HP\OneDrive\Desktop\Magical_Arena\Magical_Arena\src\main\resources
2023-11-18 15:45:36,695 [Worker-53: Building] INFO  o.e.m.c.i.embedder.EclipseLogger - Using 'UTF-8' encoding to copy filtered resources.
2023-11-18 15:45:36,695 [Worker-53: Building] INFO  o.e.m.c.i.embedder.EclipseLogger - skip non existing resourceDirectory C:\Users\HP\OneDrive\Desktop\Magical_Arena\Magical_Arena\src\test\resources
2023-11-18 15:46:41,338 [Worker-53: Building] INFO  o.e.m.c.i.embedder.EclipseLogger - Using 'UTF-8' encoding to copy filtered resources.
2023-11-18 15:46:41,339 [Worker-53: Building] INFO  o.e.m.c.i.embedder.EclipseLogger - skip non existing resourceDirectory C:\Users\HP\OneDrive\Desktop\Magical_Arena\Magical_Arena\src\main\resources
2023-11-18 15:46:41,341 [Worker-53: Building] INFO  o.e.m.c.i.embedder.EclipseLogger - Using 'UTF-8' encoding to copy filtered resources.
2023-11-18 15:46:41,342 [Worker-53: Building] INFO  o.e.m.c.i.embedder.EclipseLogger - skip non existing resourceDirectory C:\Users\HP\OneDrive\Desktop\Magical_Arena\Magical_Arena\src\test\resources
2023-11-18 15:47:46,214 [Worker-53: Building] INFO  o.e.m.c.i.embedder.EclipseLogger - Using 'UTF-8' encoding to copy filtered resources.
2023-11-18 15:47:46,215 [Worker-53: Building] INFO  o.e.m.c.i.embedder.EclipseLogger - skip non existing resourceDirectory C:\Users\HP\OneDrive\Desktop\Magical_Arena\Magical_Arena\src\main\resources
2023-11-18 15:47:46,219 [Worker-53: Building] INFO  o.e.m.c.i.embedder.EclipseLogger - Using 'UTF-8' encoding to copy filtered resources.
2023-11-18 15:47:46,220 [Worker-53: Building] INFO  o.e.m.c.i.embedder.EclipseLogger - skip non existing resourceDirectory C:\Users\HP\OneDrive\Desktop\Magical_Arena\Magical_Arena\src\test\resources
2023-11-18 15:48:22,410 [Worker-66: Building] INFO  o.e.m.c.i.embedder.EclipseLogger - Using 'UTF-8' encoding to copy filtered resources.
2023-11-18 15:48:22,413 [Worker-66: Building] INFO  o.e.m.c.i.embedder.EclipseLogger - skip non existing resourceDirectory C:\Users\HP\OneDrive\Desktop\Magical_Arena\Magical_Arena\src\main\resources
2023-11-18 15:48:22,417 [Worker-66: Building] INFO  o.e.m.c.i.embedder.EclipseLogger - Using 'UTF-8' encoding to copy filtered resources.
2023-11-18 15:48:22,417 [Worker-66: Building] INFO  o.e.m.c.i.embedder.EclipseLogger - skip non existing resourceDirectory C:\Users\HP\OneDrive\Desktop\Magical_Arena\Magical_Arena\src\test\resources
2023-11-18 15:48:31,393 [Worker-67: Building] INFO  o.e.m.c.i.embedder.EclipseLogger - Using 'UTF-8' encoding to copy filtered resources.
2023-11-18 15:48:31,394 [Worker-67: Building] INFO  o.e.m.c.i.embedder.EclipseLogger - skip non existing resourceDirectory C:\Users\HP\OneDrive\Desktop\Magical_Arena\Magical_Arena\src\main\resources
2023-11-18 15:48:31,399 [Worker-67: Building] INFO  o.e.m.c.i.embedder.EclipseLogger - Using 'UTF-8' encoding to copy filtered resources.
2023-11-18 15:48:31,399 [Worker-67: Building] INFO  o.e.m.c.i.embedder.EclipseLogger - skip non existing resourceDirectory C:\Users\HP\OneDrive\Desktop\Magical_Arena\Magical_Arena\src\test\resources
2023-11-18 15:51:45,914 [Worker-70: Building] INFO  o.e.m.c.i.embedder.EclipseLogger - Using 'UTF-8' encoding to copy filtered resources.
2023-11-18 15:51:45,915 [Worker-70: Building] INFO  o.e.m.c.i.embedder.EclipseLogger - skip non existing resourceDirectory C:\Users\HP\OneDrive\Desktop\Magical_Arena\Magical_Arena\src\main\resources
2023-11-18 15:51:45,918 [Worker-70: Building] INFO  o.e.m.c.i.embedder.EclipseLogger - Using 'UTF-8' encoding to copy filtered resources.
2023-11-18 15:51:45,918 [Worker-70: Building] INFO  o.e.m.c.i.embedder.EclipseLogger - skip non existing resourceDirectory C:\Users\HP\OneDrive\Desktop\Magical_Arena\Magical_Arena\src\test\resources
2023-11-18 15:55:34,463 [Worker-69: Building] INFO  o.e.m.c.i.embedder.EclipseLogger - Using 'UTF-8' encoding to copy filtered resources.
2023-11-18 15:55:34,464 [Worker-69: Building] INFO  o.e.m.c.i.embedder.EclipseLogger - skip non existing resourceDirectory C:\Users\HP\OneDrive\Desktop\Magical_Arena\Magical_Arena\src\main\resources
2023-11-18 15:55:34,466 [Worker-69: Building] INFO  o.e.m.c.i.embedder.EclipseLogger - Using 'UTF-8' encoding to copy filtered resources.
2023-11-18 15:55:34,467 [Worker-69: Building] INFO  o.e.m.c.i.embedder.EclipseLogger - skip non existing resourceDirectory C:\Users\HP\OneDrive\Desktop\Magical_Arena\Magical_Arena\src\test\resources
2023-11-18 15:56:46,543 [Worker-69: Building] INFO  o.e.m.c.i.embedder.EclipseLogger - Using 'UTF-8' encoding to copy filtered resources.
2023-11-18 15:56:46,543 [Worker-69: Building] INFO  o.e.m.c.i.embedder.EclipseLogger - skip non existing resourceDirectory C:\Users\HP\OneDrive\Desktop\Magical_Arena\Magical_Arena\src\main\resources
2023-11-18 15:56:46,546 [Worker-69: Building] INFO  o.e.m.c.i.embedder.EclipseLogger - Using 'UTF-8' encoding to copy filtered resources.
2023-11-18 15:56:46,546 [Worker-69: Building] INFO  o.e.m.c.i.embedder.EclipseLogger - skip non existing resourceDirectory C:\Users\HP\OneDrive\Desktop\Magical_Arena\Magical_Arena\src\test\resources
2023-11-18 15:57:30,937 [Worker-66: Building] INFO  o.e.m.c.i.embedder.EclipseLogger - Using 'UTF-8' encoding to copy filtered resources.
2023-11-18 15:57:30,937 [Worker-66: Building] INFO  o.e.m.c.i.embedder.EclipseLogger - skip non existing resourceDirectory C:\Users\HP\OneDrive\Desktop\Magical_Arena\Magical_Arena\src\main\resources
2023-11-18 15:57:30,940 [Worker-66: Building] INFO  o.e.m.c.i.embedder.EclipseLogger - Using 'UTF-8' encoding to copy filtered resources.
2023-11-18 15:57:30,940 [Worker-66: Building] INFO  o.e.m.c.i.embedder.EclipseLogger - skip non existing resourceDirectory C:\Users\HP\OneDrive\Desktop\Magical_Arena\Magical_Arena\src\test\resources
2023-11-18 15:59:26,774 [Worker-71: Building] INFO  o.e.m.c.i.embedder.EclipseLogger - Using 'UTF-8' encoding to copy filtered resources.
2023-11-18 15:59:26,774 [Worker-71: Building] INFO  o.e.m.c.i.embedder.EclipseLogger - skip non existing resourceDirectory C:\Users\HP\OneDrive\Desktop\Magical_Arena\Magical_Arena\src\main\resources
2023-11-18 15:59:26,776 [Worker-71: Building] INFO  o.e.m.c.i.embedder.EclipseLogger - Using 'UTF-8' encoding to copy filtered resources.
2023-11-18 15:59:26,776 [Worker-71: Building] INFO  o.e.m.c.i.embedder.EclipseLogger - skip non existing resourceDirectory C:\Users\HP\OneDrive\Desktop\Magical_Arena\Magical_Arena\src\test\resources
2023-11-18 15:59:57,531 [Worker-69: Building] INFO  o.e.m.c.i.embedder.EclipseLogger - Using 'UTF-8' encoding to copy filtered resources.
2023-11-18 15:59:57,531 [Worker-69: Building] INFO  o.e.m.c.i.embedder.EclipseLogger - skip non existing resourceDirectory C:\Users\HP\OneDrive\Desktop\Magical_Arena\Magical_Arena\src\main\resources
2023-11-18 15:59:57,537 [Worker-69: Building] INFO  o.e.m.c.i.embedder.EclipseLogger - Using 'UTF-8' encoding to copy filtered resources.
2023-11-18 15:59:57,538 [Worker-69: Building] INFO  o.e.m.c.i.embedder.EclipseLogger - skip non existing resourceDirectory C:\Users\HP\OneDrive\Desktop\Magical_Arena\Magical_Arena\src\test\resources
2023-11-18 16:00:40,523 [Worker-66: Building] INFO  o.e.m.c.i.embedder.EclipseLogger - Using 'UTF-8' encoding to copy filtered resources.
2023-11-18 16:00:40,524 [Worker-66: Building] INFO  o.e.m.c.i.embedder.EclipseLogger - skip non existing resourceDirectory C:\Users\HP\OneDrive\Desktop\Magical_Arena\Magical_Arena\src\main\resources
2023-11-18 16:00:40,532 [Worker-66: Building] INFO  o.e.m.c.i.embedder.EclipseLogger - Using 'UTF-8' encoding to copy filtered resources.
2023-11-18 16:00:40,532 [Worker-66: Building] INFO  o.e.m.c.i.embedder.EclipseLogger - skip non existing resourceDirectory C:\Users\HP\OneDrive\Desktop\Magical_Arena\Magical_Arena\src\test\resources
2023-11-18 16:01:39,659 [Worker-69: Building] INFO  o.e.m.c.i.embedder.EclipseLogger - Using 'UTF-8' encoding to copy filtered resources.
2023-11-18 16:01:39,659 [Worker-69: Building] INFO  o.e.m.c.i.embedder.EclipseLogger - skip non existing resourceDirectory C:\Users\HP\OneDrive\Desktop\Magical_Arena\Magical_Arena\src\main\resources
2023-11-18 16:01:39,662 [Worker-69: Building] INFO  o.e.m.c.i.embedder.EclipseLogger - Using 'UTF-8' encoding to copy filtered resources.
2023-11-18 16:01:39,663 [Worker-69: Building] INFO  o.e.m.c.i.embedder.EclipseLogger - skip non existing resourceDirectory C:\Users\HP\OneDrive\Desktop\Magical_Arena\Magical_Arena\src\test\resources
2023-11-18 16:07:28,133 [Worker-66: Building] INFO  o.e.m.c.i.embedder.EclipseLogger - Using 'UTF-8' encoding to copy filtered resources.
2023-11-18 16:07:28,134 [Worker-66: Building] INFO  o.e.m.c.i.embedder.EclipseLogger - skip non existing resourceDirectory C:\Users\HP\OneDrive\Desktop\Magical_Arena\Magical_Arena\src\main\resources
2023-11-18 16:07:28,136 [Worker-66: Building] INFO  o.e.m.c.i.embedder.EclipseLogger - Using 'UTF-8' encoding to copy filtered resources.
2023-11-18 16:07:28,137 [Worker-66: Building] INFO  o.e.m.c.i.embedder.EclipseLogger - skip non existing resourceDirectory C:\Users\HP\OneDrive\Desktop\Magical_Arena\Magical_Arena\src\test\resources
2023-11-18 16:13:32,270 [Worker-66: Building] INFO  o.e.m.c.i.embedder.EclipseLogger - Using 'UTF-8' encoding to copy filtered resources.
2023-11-18 16:13:32,272 [Worker-66: Building] INFO  o.e.m.c.i.embedder.EclipseLogger - skip non existing resourceDirectory C:\Users\HP\OneDrive\Desktop\Magical_Arena\Magical_Arena\src\main\resources
2023-11-18 16:13:32,278 [Worker-66: Building] INFO  o.e.m.c.i.embedder.EclipseLogger - Using 'UTF-8' encoding to copy filtered resources.
2023-11-18 16:13:32,279 [Worker-66: Building] INFO  o.e.m.c.i.embedder.EclipseLogger - skip non existing resourceDirectory C:\Users\HP\OneDrive\Desktop\Magical_Arena\Magical_Arena\src\test\resources
2023-11-18 16:13:54,262 [Worker-70: Building] INFO  o.e.m.c.i.embedder.EclipseLogger - Using 'UTF-8' encoding to copy filtered resources.
2023-11-18 16:13:54,262 [Worker-70: Building] INFO  o.e.m.c.i.embedder.EclipseLogger - skip non existing resourceDirectory C:\Users\HP\OneDrive\Desktop\Magical_Arena\Magical_Arena\src\main\resources
2023-11-18 16:13:54,265 [Worker-70: Building] INFO  o.e.m.c.i.embedder.EclipseLogger - Using 'UTF-8' encoding to copy filtered resources.
2023-11-18 16:13:54,265 [Worker-70: Building] INFO  o.e.m.c.i.embedder.EclipseLogger - skip non existing resourceDirectory C:\Users\HP\OneDrive\Desktop\Magical_Arena\Magical_Arena\src\test\resources
2023-11-18 16:15:50,725 [Worker-72: Building] INFO  o.e.m.c.i.embedder.EclipseLogger - Using 'UTF-8' encoding to copy filtered resources.
2023-11-18 16:15:50,726 [Worker-72: Building] INFO  o.e.m.c.i.embedder.EclipseLogger - skip non existing resourceDirectory C:\Users\HP\OneDrive\Desktop\Magical_Arena\Magical_Arena\src\main\resources
2023-11-18 16:15:50,728 [Worker-72: Building] INFO  o.e.m.c.i.embedder.EclipseLogger - Using 'UTF-8' encoding to copy filtered resources.
2023-11-18 16:15:50,728 [Worker-72: Building] INFO  o.e.m.c.i.embedder.EclipseLogger - skip non existing resourceDirectory C:\Users\HP\OneDrive\Desktop\Magical_Arena\Magical_Arena\src\test\resources
2023-11-18 16:16:25,260 [Worker-66: Building] INFO  o.e.m.c.i.embedder.EclipseLogger - Using 'UTF-8' encoding to copy filtered resources.
2023-11-18 16:16:25,260 [Worker-66: Building] INFO  o.e.m.c.i.embedder.EclipseLogger - skip non existing resourceDirectory C:\Users\HP\OneDrive\Desktop\Magical_Arena\Magical_Arena\src\main\resources
2023-11-18 16:16:25,265 [Worker-66: Building] INFO  o.e.m.c.i.embedder.EclipseLogger - Using 'UTF-8' encoding to copy filtered resources.
2023-11-18 16:16:25,266 [Worker-66: Building] INFO  o.e.m.c.i.embedder.EclipseLogger - skip non existing resourceDirectory C:\Users\HP\OneDrive\Desktop\Magical_Arena\Magical_Arena\src\test\resources
2023-11-18 16:17:51,377 [Worker-71: Building] INFO  o.e.m.c.i.embedder.EclipseLogger - Using 'UTF-8' encoding to copy filtered resources.
2023-11-18 16:17:51,377 [Worker-71: Building] INFO  o.e.m.c.i.embedder.EclipseLogger - skip non existing resourceDirectory C:\Users\HP\OneDrive\Desktop\Magical_Arena\Magical_Arena\src\main\resources
2023-11-18 16:17:51,380 [Worker-71: Building] INFO  o.e.m.c.i.embedder.EclipseLogger - Using 'UTF-8' encoding to copy filtered resources.
2023-11-18 16:17:51,380 [Worker-71: Building] INFO  o.e.m.c.i.embedder.EclipseLogger - skip non existing resourceDirectory C:\Users\HP\OneDrive\Desktop\Magical_Arena\Magical_Arena\src\test\resources
2023-11-18 16:23:58,925 [Worker-74: Building] INFO  o.e.m.c.i.embedder.EclipseLogger - Using 'UTF-8' encoding to copy filtered resources.
2023-11-18 16:23:58,927 [Worker-74: Building] INFO  o.e.m.c.i.embedder.EclipseLogger - skip non existing resourceDirectory C:\Users\HP\OneDrive\Desktop\Magical_Arena\Magical_Arena\src\main\resources
2023-11-18 16:23:58,933 [Worker-74: Building] INFO  o.e.m.c.i.embedder.EclipseLogger - Using 'UTF-8' encoding to copy filtered resources.
2023-11-18 16:23:58,933 [Worker-74: Building] INFO  o.e.m.c.i.embedder.EclipseLogger - skip non existing resourceDirectory C:\Users\HP\OneDrive\Desktop\Magical_Arena\Magical_Arena\src\test\resources
2023-11-18 23:34:28,312 [Worker-70: Building] INFO  o.e.m.c.i.embedder.EclipseLogger - Using 'UTF-8' encoding to copy filtered resources.
2023-11-18 23:34:28,313 [Worker-70: Building] INFO  o.e.m.c.i.embedder.EclipseLogger - skip non existing resourceDirectory C:\Users\HP\OneDrive\Desktop\Magical_Arena\Magical_Arena\src\main\resources
2023-11-18 23:34:28,318 [Worker-70: Building] INFO  o.e.m.c.i.embedder.EclipseLogger - Using 'UTF-8' encoding to copy filtered resources.
2023-11-18 23:34:28,318 [Worker-70: Building] INFO  o.e.m.c.i.embedder.EclipseLogger - skip non existing resourceDirectory C:\Users\HP\OneDrive\Desktop\Magical_Arena\Magical_Arena\src\test\resources
2023-11-18 23:35:50,096 [Worker-70: Building] INFO  o.e.m.c.i.embedder.EclipseLogger - Using 'UTF-8' encoding to copy filtered resources.
2023-11-18 23:35:50,097 [Worker-70: Building] INFO  o.e.m.c.i.embedder.EclipseLogger - skip non existing resourceDirectory C:\Users\HP\OneDrive\Desktop\Magical_Arena\Magical_Arena\src\main\resources
2023-11-18 23:35:50,101 [Worker-70: Building] INFO  o.e.m.c.i.embedder.EclipseLogger - Using 'UTF-8' encoding to copy filtered resources.
2023-11-18 23:35:50,101 [Worker-70: Building] INFO  o.e.m.c.i.embedder.EclipseLogger - skip non existing resourceDirectory C:\Users\HP\OneDrive\Desktop\Magical_Arena\Magical_Arena\src\test\resources
2023-11-18 23:36:38,752 [Worker-70: Building] INFO  o.e.m.c.i.embedder.EclipseLogger - Using 'UTF-8' encoding to copy filtered resources.
2023-11-18 23:36:38,753 [Worker-70: Building] INFO  o.e.m.c.i.embedder.EclipseLogger - skip non existing resourceDirectory C:\Users\HP\OneDrive\Desktop\Magical_Arena\Magical_Arena\src\main\resources
2023-11-18 23:36:38,756 [Worker-70: Building] INFO  o.e.m.c.i.embedder.EclipseLogger - Using 'UTF-8' encoding to copy filtered resources.
2023-11-18 23:36:38,757 [Worker-70: Building] INFO  o.e.m.c.i.embedder.EclipseLogger - skip non existing resourceDirectory C:\Users\HP\OneDrive\Desktop\Magical_Arena\Magical_Arena\src\test\resources
2023-11-18 23:37:50,454 [Worker-83: Building] INFO  o.e.m.c.i.embedder.EclipseLogger - Using 'UTF-8' encoding to copy filtered resources.
2023-11-18 23:37:50,455 [Worker-83: Building] INFO  o.e.m.c.i.embedder.EclipseLogger - skip non existing resourceDirectory C:\Users\HP\OneDrive\Desktop\Magical_Arena\Magical_Arena\src\main\resources
2023-11-18 23:37:50,459 [Worker-83: Building] INFO  o.e.m.c.i.embedder.EclipseLogger - Using 'UTF-8' encoding to copy filtered resources.
2023-11-18 23:37:50,459 [Worker-83: Building] INFO  o.e.m.c.i.embedder.EclipseLogger - skip non existing resourceDirectory C:\Users\HP\OneDrive\Desktop\Magical_Arena\Magical_Arena\src\test\resources
2023-11-18 23:46:17,364 [Worker-85: Building] INFO  o.e.m.c.i.embedder.EclipseLogger - Using 'UTF-8' encoding to copy filtered resources.
2023-11-18 23:46:17,365 [Worker-85: Building] INFO  o.e.m.c.i.embedder.EclipseLogger - skip non existing resourceDirectory C:\Users\HP\OneDrive\Desktop\Magical_Arena\Magical_Arena\src\main\resources
2023-11-18 23:46:17,372 [Worker-85: Building] INFO  o.e.m.c.i.embedder.EclipseLogger - Using 'UTF-8' encoding to copy filtered resources.
2023-11-18 23:46:17,372 [Worker-85: Building] INFO  o.e.m.c.i.embedder.EclipseLogger - skip non existing resourceDirectory C:\Users\HP\OneDrive\Desktop\Magical_Arena\Magical_Arena\src\test\resources
2023-11-18 23:46:58,295 [Worker-89: Building] INFO  o.e.m.c.i.embedder.EclipseLogger - Using 'UTF-8' encoding to copy filtered resources.
2023-11-18 23:46:58,295 [Worker-89: Building] INFO  o.e.m.c.i.embedder.EclipseLogger - skip non existing resourceDirectory C:\Users\HP\OneDrive\Desktop\Magical_Arena\Magical_Arena\src\main\resources
2023-11-18 23:46:58,298 [Worker-89: Building] INFO  o.e.m.c.i.embedder.EclipseLogger - Using 'UTF-8' encoding to copy filtered resources.
2023-11-18 23:46:58,299 [Worker-89: Building] INFO  o.e.m.c.i.embedder.EclipseLogger - skip non existing resourceDirectory C:\Users\HP\OneDrive\Desktop\Magical_Arena\Magical_Arena\src\test\resources
2023-11-18 23:47:46,038 [Worker-89: Building] INFO  o.e.m.c.i.embedder.EclipseLogger - Using 'UTF-8' encoding to copy filtered resources.
2023-11-18 23:47:46,038 [Worker-89: Building] INFO  o.e.m.c.i.embedder.EclipseLogger - skip non existing resourceDirectory C:\Users\HP\OneDrive\Desktop\Magical_Arena\Magical_Arena\src\main\resources
2023-11-18 23:47:46,042 [Worker-89: Building] INFO  o.e.m.c.i.embedder.EclipseLogger - Using 'UTF-8' encoding to copy filtered resources.
2023-11-18 23:47:46,042 [Worker-89: Building] INFO  o.e.m.c.i.embedder.EclipseLogger - skip non existing resourceDirectory C:\Users\HP\OneDrive\Desktop\Magical_Arena\Magical_Arena\src\test\resources
2023-11-18 23:49:34,568 [Worker-88: Building] INFO  o.e.m.c.i.embedder.EclipseLogger - Using 'UTF-8' encoding to copy filtered resources.
2023-11-18 23:49:34,569 [Worker-88: Building] INFO  o.e.m.c.i.embedder.EclipseLogger - skip non existing resourceDirectory C:\Users\HP\OneDrive\Desktop\Magical_Arena\Magical_Arena\src\main\resources
2023-11-18 23:49:34,572 [Worker-88: Building] INFO  o.e.m.c.i.embedder.EclipseLogger - Using 'UTF-8' encoding to copy filtered resources.
2023-11-18 23:49:34,572 [Worker-88: Building] INFO  o.e.m.c.i.embedder.EclipseLogger - skip non existing resourceDirectory C:\Users\HP\OneDrive\Desktop\Magical_Arena\Magical_Arena\src\test\resources
2023-11-18 23:50:33,047 [Worker-88: Building] INFO  o.e.m.c.i.embedder.EclipseLogger - Using 'UTF-8' encoding to copy filtered resources.
2023-11-18 23:50:33,048 [Worker-88: Building] INFO  o.e.m.c.i.embedder.EclipseLogger - skip non existing resourceDirectory C:\Users\HP\OneDrive\Desktop\Magical_Arena\Magical_Arena\src\main\resources
2023-11-18 23:50:33,050 [Worker-88: Building] INFO  o.e.m.c.i.embedder.EclipseLogger - Using 'UTF-8' encoding to copy filtered resources.
2023-11-18 23:50:33,050 [Worker-88: Building] INFO  o.e.m.c.i.embedder.EclipseLogger - skip non existing resourceDirectory C:\Users\HP\OneDrive\Desktop\Magical_Arena\Magical_Arena\src\test\resources
2023-11-18 23:51:06,021 [Worker-89: Building] INFO  o.e.m.c.i.embedder.EclipseLogger - Using 'UTF-8' encoding to copy filtered resources.
2023-11-18 23:51:06,021 [Worker-89: Building] INFO  o.e.m.c.i.embedder.EclipseLogger - skip non existing resourceDirectory C:\Users\HP\OneDrive\Desktop\Magical_Arena\Magical_Arena\src\main\resources
2023-11-18 23:51:06,024 [Worker-89: Building] INFO  o.e.m.c.i.embedder.EclipseLogger - Using 'UTF-8' encoding to copy filtered resources.
2023-11-18 23:51:06,024 [Worker-89: Building] INFO  o.e.m.c.i.embedder.EclipseLogger - skip non existing resourceDirectory C:\Users\HP\OneDrive\Desktop\Magical_Arena\Magical_Arena\src\test\resources
2023-11-19 00:00:34,297 [Worker-90: Building] INFO  o.e.m.c.i.embedder.EclipseLogger - Using 'UTF-8' encoding to copy filtered resources.
2023-11-19 00:00:34,298 [Worker-90: Building] INFO  o.e.m.c.i.embedder.EclipseLogger - skip non existing resourceDirectory C:\Users\HP\OneDrive\Desktop\Magical_Arena\Magical_Arena\src\main\resources
2023-11-19 00:00:34,302 [Worker-90: Building] INFO  o.e.m.c.i.embedder.EclipseLogger - Using 'UTF-8' encoding to copy filtered resources.
2023-11-19 00:00:34,302 [Worker-90: Building] INFO  o.e.m.c.i.embedder.EclipseLogger - skip non existing resourceDirectory C:\Users\HP\OneDrive\Desktop\Magical_Arena\Magical_Arena\src\test\resources
2023-11-19 00:02:51,171 [Worker-95: Building] INFO  o.e.m.c.i.embedder.EclipseLogger - Using 'UTF-8' encoding to copy filtered resources.
2023-11-19 00:02:51,171 [Worker-95: Building] INFO  o.e.m.c.i.embedder.EclipseLogger - skip non existing resourceDirectory C:\Users\HP\OneDrive\Desktop\Magical_Arena\Magical_Arena\src\main\resources
2023-11-19 00:02:51,174 [Worker-95: Building] INFO  o.e.m.c.i.embedder.EclipseLogger - Using 'UTF-8' encoding to copy filtered resources.
2023-11-19 00:02:51,174 [Worker-95: Building] INFO  o.e.m.c.i.embedder.EclipseLogger - skip non existing resourceDirectory C:\Users\HP\OneDrive\Desktop\Magical_Arena\Magical_Arena\src\test\resources
2023-11-19 00:09:11,233 [Worker-95: Building] INFO  o.e.m.c.i.embedder.EclipseLogger - Using 'UTF-8' encoding to copy filtered resources.
2023-11-19 00:09:11,233 [Worker-95: Building] INFO  o.e.m.c.i.embedder.EclipseLogger - skip non existing resourceDirectory C:\Users\HP\OneDrive\Desktop\Magical_Arena\Magical_Arena\src\main\resources
2023-11-19 00:09:11,237 [Worker-95: Building] INFO  o.e.m.c.i.embedder.EclipseLogger - Using 'UTF-8' encoding to copy filtered resources.
2023-11-19 00:09:11,237 [Worker-95: Building] INFO  o.e.m.c.i.embedder.EclipseLogger - skip non existing resourceDirectory C:\Users\HP\OneDrive\Desktop\Magical_Arena\Magical_Arena\src\test\resources
2023-11-19 00:09:45,456 [Worker-98: Building] INFO  o.e.m.c.i.embedder.EclipseLogger - Using 'UTF-8' encoding to copy filtered resources.
2023-11-19 00:09:45,457 [Worker-98: Building] INFO  o.e.m.c.i.embedder.EclipseLogger - skip non existing resourceDirectory C:\Users\HP\OneDrive\Desktop\Magical_Arena\Magical_Arena\src\main\resources
2023-11-19 00:09:45,463 [Worker-98: Building] INFO  o.e.m.c.i.embedder.EclipseLogger - Using 'UTF-8' encoding to copy filtered resources.
2023-11-19 00:09:45,463 [Worker-98: Building] INFO  o.e.m.c.i.embedder.EclipseLogger - skip non existing resourceDirectory C:\Users\HP\OneDrive\Desktop\Magical_Arena\Magical_Arena\src\test\resources
2023-11-19 00:11:34,107 [Worker-92: Building] INFO  o.e.m.c.i.embedder.EclipseLogger - Using 'UTF-8' encoding to copy filtered resources.
2023-11-19 00:11:34,108 [Worker-92: Building] INFO  o.e.m.c.i.embedder.EclipseLogger - skip non existing resourceDirectory C:\Users\HP\OneDrive\Desktop\Magical_Arena\Magical_Arena\src\main\resources
2023-11-19 00:11:34,111 [Worker-92: Building] INFO  o.e.m.c.i.embedder.EclipseLogger - Using 'UTF-8' encoding to copy filtered resources.
2023-11-19 00:11:34,111 [Worker-92: Building] INFO  o.e.m.c.i.embedder.EclipseLogger - skip non existing resourceDirectory C:\Users\HP\OneDrive\Desktop\Magical_Arena\Magical_Arena\src\test\resources
2023-11-19 00:14:58,264 [Worker-100: Building] INFO  o.e.m.c.i.embedder.EclipseLogger - Using 'UTF-8' encoding to copy filtered resources.
2023-11-19 00:14:58,265 [Worker-100: Building] INFO  o.e.m.c.i.embedder.EclipseLogger - skip non existing resourceDirectory C:\Users\HP\OneDrive\Desktop\Magical_Arena\Magical_Arena\src\main\resources
2023-11-19 00:14:58,270 [Worker-100: Building] INFO  o.e.m.c.i.embedder.EclipseLogger - Using 'UTF-8' encoding to copy filtered resources.
2023-11-19 00:14:58,270 [Worker-100: Building] INFO  o.e.m.c.i.embedder.EclipseLogger - skip non existing resourceDirectory C:\Users\HP\OneDrive\Desktop\Magical_Arena\Magical_Arena\src\test\resources
2023-11-19 00:20:53,116 [Worker-101: Building] INFO  o.e.m.c.i.embedder.EclipseLogger - Using 'UTF-8' encoding to copy filtered resources.
2023-11-19 00:20:53,117 [Worker-101: Building] INFO  o.e.m.c.i.embedder.EclipseLogger - skip non existing resourceDirectory C:\Users\HP\OneDrive\Desktop\Magical_Arena\Magical_Arena\src\main\resources
2023-11-19 00:20:53,120 [Worker-101: Building] INFO  o.e.m.c.i.embedder.EclipseLogger - Using 'UTF-8' encoding to copy filtered resources.
2023-11-19 00:20:53,120 [Worker-101: Building] INFO  o.e.m.c.i.embedder.EclipseLogger - skip non existing resourceDirectory C:\Users\HP\OneDrive\Desktop\Magical_Arena\Magical_Arena\src\test\resources
2023-11-19 00:22:45,782 [Worker-102: Launching MagicalGameRunner] INFO  o.e.m.c.i.embedder.EclipseLogger - Using 'UTF-8' encoding to copy filtered resources.
2023-11-19 00:22:45,782 [Worker-102: Launching MagicalGameRunner] INFO  o.e.m.c.i.embedder.EclipseLogger - skip non existing resourceDirectory C:\Users\HP\OneDrive\Desktop\Magical_Arena\Magical_Arena\src\main\resources
2023-11-19 00:22:45,786 [Worker-102: Launching MagicalGameRunner] INFO  o.e.m.c.i.embedder.EclipseLogger - Using 'UTF-8' encoding to copy filtered resources.
2023-11-19 00:22:45,786 [Worker-102: Launching MagicalGameRunner] INFO  o.e.m.c.i.embedder.EclipseLogger - skip non existing resourceDirectory C:\Users\HP\OneDrive\Desktop\Magical_Arena\Magical_Arena\src\test\resources
2023-11-19 00:26:49,931 [Worker-102: Building] INFO  o.e.m.c.i.embedder.EclipseLogger - Using 'UTF-8' encoding to copy filtered resources.
2023-11-19 00:26:49,931 [Worker-102: Building] INFO  o.e.m.c.i.embedder.EclipseLogger - skip non existing resourceDirectory C:\Users\HP\OneDrive\Desktop\Magical_Arena\Magical_Arena\src\main\resources
2023-11-19 00:26:49,935 [Worker-102: Building] INFO  o.e.m.c.i.embedder.EclipseLogger - Using 'UTF-8' encoding to copy filtered resources.
2023-11-19 00:26:49,935 [Worker-102: Building] INFO  o.e.m.c.i.embedder.EclipseLogger - skip non existing resourceDirectory C:\Users\HP\OneDrive\Desktop\Magical_Arena\Magical_Arena\src\test\resources
2023-11-19 00:30:49,090 [Worker-101: Building] INFO  o.e.m.c.i.embedder.EclipseLogger - Using 'UTF-8' encoding to copy filtered resources.
2023-11-19 00:30:49,091 [Worker-101: Building] INFO  o.e.m.c.i.embedder.EclipseLogger - skip non existing resourceDirectory C:\Users\HP\OneDrive\Desktop\Magical_Arena\Magical_Arena\src\main\resources
2023-11-19 00:30:49,095 [Worker-101: Building] INFO  o.e.m.c.i.embedder.EclipseLogger - Using 'UTF-8' encoding to copy filtered resources.
2023-11-19 00:30:49,096 [Worker-101: Building] INFO  o.e.m.c.i.embedder.EclipseLogger - skip non existing resourceDirectory C:\Users\HP\OneDrive\Desktop\Magical_Arena\Magical_Arena\src\test\resources
2023-11-19 00:39:54,933 [Worker-110: Building] INFO  o.e.m.c.i.embedder.EclipseLogger - Using 'UTF-8' encoding to copy filtered resources.
2023-11-19 00:39:54,933 [Worker-110: Building] INFO  o.e.m.c.i.embedder.EclipseLogger - skip non existing resourceDirectory C:\Users\HP\OneDrive\Desktop\Magical_Arena\Magical_Arena\src\main\resources
2023-11-19 00:39:54,937 [Worker-110: Building] INFO  o.e.m.c.i.embedder.EclipseLogger - Using 'UTF-8' encoding to copy filtered resources.
2023-11-19 00:39:54,937 [Worker-110: Building] INFO  o.e.m.c.i.embedder.EclipseLogger - skip non existing resourceDirectory C:\Users\HP\OneDrive\Desktop\Magical_Arena\Magical_Arena\src\test\resources
2023-11-19 00:41:38,773 [Worker-107: Building] INFO  o.e.m.c.i.embedder.EclipseLogger - Using 'UTF-8' encoding to copy filtered resources.
2023-11-19 00:41:38,773 [Worker-107: Building] INFO  o.e.m.c.i.embedder.EclipseLogger - skip non existing resourceDirectory C:\Users\HP\OneDrive\Desktop\Magical_Arena\Magical_Arena\src\main\resources
2023-11-19 00:41:38,776 [Worker-107: Building] INFO  o.e.m.c.i.embedder.EclipseLogger - Using 'UTF-8' encoding to copy filtered resources.
2023-11-19 00:41:38,776 [Worker-107: Building] INFO  o.e.m.c.i.embedder.EclipseLogger - skip non existing resourceDirectory C:\Users\HP\OneDrive\Desktop\Magical_Arena\Magical_Arena\src\test\resources
2023-11-19 00:43:00,408 [Worker-113: Building] INFO  o.e.m.c.i.embedder.EclipseLogger - Using 'UTF-8' encoding to copy filtered resources.
2023-11-19 00:43:00,408 [Worker-113: Building] INFO  o.e.m.c.i.embedder.EclipseLogger - skip non existing resourceDirectory C:\Users\HP\OneDrive\Desktop\Magical_Arena\Magical_Arena\src\main\resources
2023-11-19 00:43:00,410 [Worker-113: Building] INFO  o.e.m.c.i.embedder.EclipseLogger - Using 'UTF-8' encoding to copy filtered resources.
2023-11-19 00:43:00,410 [Worker-113: Building] INFO  o.e.m.c.i.embedder.EclipseLogger - skip non existing resourceDirectory C:\Users\HP\OneDrive\Desktop\Magical_Arena\Magical_Arena\src\test\resources
2023-11-19 00:54:05,548 [Worker-116: Building] INFO  o.e.m.c.i.embedder.EclipseLogger - Using 'UTF-8' encoding to copy filtered resources.
2023-11-19 00:54:05,549 [Worker-116: Building] INFO  o.e.m.c.i.embedder.EclipseLogger - skip non existing resourceDirectory C:\Users\HP\OneDrive\Desktop\Magical_Arena\Magical_Arena\src\main\resources
2023-11-19 00:54:05,551 [Worker-116: Building] INFO  o.e.m.c.i.embedder.EclipseLogger - Using 'UTF-8' encoding to copy filtered resources.
2023-11-19 00:54:05,552 [Worker-116: Building] INFO  o.e.m.c.i.embedder.EclipseLogger - skip non existing resourceDirectory C:\Users\HP\OneDrive\Desktop\Magical_Arena\Magical_Arena\src\test\resources
2023-11-19 00:54:09,793 [Worker-115: Building] INFO  o.e.m.c.i.embedder.EclipseLogger - Using 'UTF-8' encoding to copy filtered resources.
2023-11-19 00:54:09,793 [Worker-115: Building] INFO  o.e.m.c.i.embedder.EclipseLogger - skip non existing resourceDirectory C:\Users\HP\OneDrive\Desktop\Magical_Arena\Magical_Arena\src\main\resources
2023-11-19 00:54:09,797 [Worker-115: Building] INFO  o.e.m.c.i.embedder.EclipseLogger - Using 'UTF-8' encoding to copy filtered resources.
2023-11-19 00:54:09,797 [Worker-115: Building] INFO  o.e.m.c.i.embedder.EclipseLogger - skip non existing resourceDirectory C:\Users\HP\OneDrive\Desktop\Magical_Arena\Magical_Arena\src\test\resources
2023-11-19 11:13:05,255 [Worker-0: Loading available Gradle versions] INFO  o.e.b.c.i.u.g.PublishedGradleVersions - Gradle version information cache is up-to-date. Trying to read.
2023-11-19 11:19:38,762 [Worker-0: Loading available Gradle versions] INFO  o.e.b.c.i.u.g.PublishedGradleVersions - Gradle version information cache is up-to-date. Trying to read.
2023-11-19 11:34:48,155 [Worker-2: Loading available Gradle versions] INFO  o.e.b.c.i.u.g.PublishedGradleVersions - Gradle version information cache is up-to-date. Trying to read.
2023-11-19 12:25:20,535 [Worker-9: Launching MagicalGameRunnerTest] INFO  o.e.m.c.i.embedder.EclipseLogger - Using 'UTF-8' encoding to copy filtered resources.
2023-11-19 12:25:20,538 [Worker-9: Launching MagicalGameRunnerTest] INFO  o.e.m.c.i.embedder.EclipseLogger - skip non existing resourceDirectory C:\Users\HP\OneDrive\Desktop\Magical_Arena\Magical_Arena\src\main\resources
2023-11-19 12:25:20,544 [Worker-9: Launching MagicalGameRunnerTest] INFO  o.e.m.c.i.embedder.EclipseLogger - Using 'UTF-8' encoding to copy filtered resources.
2023-11-19 12:25:20,545 [Worker-9: Launching MagicalGameRunnerTest] INFO  o.e.m.c.i.embedder.EclipseLogger - skip non existing resourceDirectory C:\Users\HP\OneDrive\Desktop\Magical_Arena\Magical_Arena\src\test\resources
